0 info it worked if it ends with ok
1 verbose cli [ 'node', '/usr/local/bin/npm', 'uninstall', 'gulp-imagemin' ]
2 info using npm@2.0.2
3 info using node@v0.10.31
4 verbose node_modules/gulp-imagemin unbuild
5 info preuninstall gulp-imagemin@1.0.1
6 info uninstall gulp-imagemin@1.0.1
7 verbose true,/Users/Hak/Repositories/repairkid.com/node_modules,/Users/Hak/Repositories/repairkid.com/node_modules unbuild gulp-imagemin@1.0.1
8 info postuninstall gulp-imagemin@1.0.1
9 verbose gentlyRm vacuuming /Users/Hak/Repositories/repairkid.com/node_modules/gulp-imagemin
10 silly gentlyRm purging /Users/Hak/Repositories/repairkid.com/node_modules/gulp-imagemin
11 verbose stack Error: EACCES, unlink '/Users/Hak/Repositories/repairkid.com/node_modules/gulp-imagemin/node_modules/.bin/imagemin'
12 verbose cwd /Users/Hak/Repositories/repairkid.com
13 error Darwin 14.0.0
14 error argv "node" "/usr/local/bin/npm" "uninstall" "gulp-imagemin"
15 error node v0.10.31
16 error npm  v2.0.2
17 error path /Users/Hak/Repositories/repairkid.com/node_modules/gulp-imagemin/node_modules/.bin/imagemin
18 error code EACCES
19 error errno 3
20 error Error: EACCES, unlink '/Users/Hak/Repositories/repairkid.com/node_modules/gulp-imagemin/node_modules/.bin/imagemin'
20 error  { [Error: EACCES, unlink '/Users/Hak/Repositories/repairkid.com/node_modules/gulp-imagemin/node_modules/.bin/imagemin']
20 error   errno: 3,
20 error   code: 'EACCES',
20 error   path: '/Users/Hak/Repositories/repairkid.com/node_modules/gulp-imagemin/node_modules/.bin/imagemin' }
21 error Please try running this command again as root/Administrator.
22 verbose exit [ 3, true ]
